<?xml version="1.0" encoding="UTF-8"?>
<!-- Generated by org.testng.reporters.JUnitReportReporter -->
<testsuite hostname="DESKTOP-QR0VDMM" failures="0" tests="2" name="Practice.NameTest" time="0.030" errors="0" timestamp="2023-01-29T13:00:28 IST" skipped="0">
  <testcase classname="Practice.NameTest" name="deletTheProductsInCart" time="0.009"/>
  <system-out/>
  <testcase classname="Practice.NameTest" name="PrintName" time="0.021"/>
  <system-out/>
</testsuite> <!-- Practice.NameTest -->
