<?xml version="1.0" encoding="UTF-8"?>
<!-- Generated by org.testng.reporters.JUnitReportReporter -->
<testsuite hostname="DESKTOP-QR0VDMM" failures="0" tests="1" name="Practice.NameTest" time="0.013" errors="0" timestamp="2023-01-29T08:37:59 IST" skipped="0">
  <testcase classname="Practice.NameTest" name="PrintName" time="0.013"/>
  <system-out/>
</testsuite> <!-- Practice.NameTest -->
