<?xml version="1.0" encoding="UTF-8"?>
<!-- Generated by org.testng.reporters.JUnitReportReporter -->
<testsuite hostname="DESKTOP-QR0VDMM" failures="0" tests="1" name="Practice.QspCartTest" time="0.024" errors="0" timestamp="2023-01-29T11:03:32 IST" skipped="0">
  <testcase classname="Practice.QspCartTest" name="addToCart" time="0.024"/>
  <system-out/>
</testsuite> <!-- Practice.QspCartTest -->
